<?xml version="1.0" encoding="UTF-8"?>
<testng-results ignored="0" total="1" passed="1" failed="0" skipped="0">
  <reporter-output>
  </reporter-output>
  <suite started-at="2022-12-14T19:05:21 IST" name="Default suite" finished-at="2022-12-14T19:05:42 IST" duration-ms="21034">
    <groups>
    </groups>
    <test started-at="2022-12-14T19:05:21 IST" name="Default test" finished-at="2022-12-14T19:05:42 IST" duration-ms="21034">
      <class name="com.hrms.allpractice_scriptrun.TC001">
        <test-method signature="tc001()[pri:0, instance:com.hrms.allpractice_scriptrun.TC001@6f46426d]" started-at="2022-12-14T19:05:21 IST" name="tc001" finished-at="2022-12-14T19:05:42 IST" duration-ms="20952" status="PASS">
          <reporter-output>
          </reporter-output>
        </test-method> <!-- tc001 -->
      </class> <!-- com.hrms.allpractice_scriptrun.TC001 -->
    </test> <!-- Default test -->
  </suite> <!-- Default suite -->
</testng-results>
